<?xml version="1.0" encoding="UTF-8"?>
<testng-results ignored="0" total="1" passed="1" failed="0" skipped="0">
  <reporter-output>
  </reporter-output>
  <suite started-at="2024-09-22T11:49:53 IST" name="Default suite" finished-at="2024-09-22T11:50:12 IST" duration-ms="18853">
    <groups>
    </groups>
    <test started-at="2024-09-22T11:49:53 IST" name="Default test" finished-at="2024-09-22T11:50:12 IST" duration-ms="18853">
      <class name="Tests.Tests">
        <test-method is-config="true" signature="configWebDriver()[pri:0, instance:Tests.Tests@21282ed8]" started-at="2024-09-22T11:49:52 IST" name="configWebDriver" finished-at="2024-09-22T11:49:53 IST" duration-ms="862" status="PASS">
          <reporter-output>
          </reporter-output>
        </test-method> <!-- configWebDriver -->
        <test-method is-config="true" signature="setup()[pri:0, instance:Tests.Tests@21282ed8]" started-at="2024-09-22T11:49:53 IST" name="setup" finished-at="2024-09-22T11:49:53 IST" duration-ms="0" status="PASS">
          <reporter-output>
          </reporter-output>
        </test-method> <!-- setup -->
        <test-method signature="loginTest()[pri:0, instance:Tests.Tests@21282ed8]" started-at="2024-09-22T11:49:53 IST" name="loginTest" finished-at="2024-09-22T11:50:12 IST" duration-ms="18817" status="PASS">
          <reporter-output>
          </reporter-output>
        </test-method> <!-- loginTest -->
        <test-method is-config="true" signature="closeWebDriver()[pri:0, instance:Tests.Tests@21282ed8]" started-at="2024-09-22T11:50:12 IST" name="closeWebDriver" finished-at="2024-09-22T11:50:13 IST" duration-ms="382" status="PASS">
          <reporter-output>
          </reporter-output>
        </test-method> <!-- closeWebDriver -->
      </class> <!-- Tests.Tests -->
    </test> <!-- Default test -->
  </suite> <!-- Default suite -->
</testng-results>
